  tester_1.cpp
C:\oop 345 workshops\oop345\workshops\ws02\barbarian.h(44,54): warning C4244: 'return': conversion from 'double' to 'int', possible loss of data
  (compiling source file 'tester_1.cpp')
  C:\oop 345 workshops\oop345\workshops\ws02\barbarian.h(44,54):
  the template instantiation context (the oldest one first) is
  	C:\oop 345 workshops\oop345\workshops\ws02\tester_1.cpp(76,62):
  	see reference to class template instantiation 'seneca::Barbarian<double,seneca::Fireball,seneca::Sword>' being compiled
  	C:\oop 345 workshops\oop345\workshops\ws02\barbarian.h(40,13):
  	while compiling class template member function 'int seneca::Barbarian<double,seneca::Fireball,seneca::Sword>::getAttackAmnt(void) const'
  		C:\oop 345 workshops\oop345\workshops\ws02\barbarian.h(68,24):
  		see the first reference to 'seneca::Barbarian<double,seneca::Fireball,seneca::Sword>::getAttackAmnt' in 'seneca::Barbarian<double,seneca::Fireball,seneca::Sword>::attack'
  
C:\oop 345 workshops\oop345\workshops\ws02\CharacterTpl.h(55,24): error C2440: 'static_cast': cannot convert from 'int' to 'T'
C:\oop 345 workshops\oop345\workshops\ws02\CharacterTpl.h(55,24): error C2440:         with
C:\oop 345 workshops\oop345\workshops\ws02\CharacterTpl.h(55,24): error C2440:         [
C:\oop 345 workshops\oop345\workshops\ws02\CharacterTpl.h(55,24): error C2440:             T=seneca::InfiniteHealth
C:\oop 345 workshops\oop345\workshops\ws02\CharacterTpl.h(55,24): error C2440:         ]
  (compiling source file 'tester_1.cpp')
  C:\oop 345 workshops\oop345\workshops\ws02\CharacterTpl.h(55,24):
  'seneca::InfiniteHealth::InfiniteHealth': no overloaded function could convert all the argument types
  	C:\oop 345 workshops\oop345\workshops\ws02\health.h(69,2):
  	could be 'seneca::InfiniteHealth::InfiniteHealth(seneca::InfiniteHealth &&)'
  		C:\oop 345 workshops\oop345\workshops\ws02\CharacterTpl.h(55,24):
  		'seneca::InfiniteHealth::InfiniteHealth(seneca::InfiniteHealth &&)': cannot convert argument 1 from 'int' to 'seneca::InfiniteHealth &&'
  			C:\oop 345 workshops\oop345\workshops\ws02\CharacterTpl.h(55,39):
  			Reason: cannot convert from 'int' to 'seneca::InfiniteHealth'
  	C:\oop 345 workshops\oop345\workshops\ws02\health.h(69,2):
  	or       'seneca::InfiniteHealth::InfiniteHealth(const seneca::InfiniteHealth &)'
  		C:\oop 345 workshops\oop345\workshops\ws02\CharacterTpl.h(55,24):
  		'seneca::InfiniteHealth::InfiniteHealth(const seneca::InfiniteHealth &)': cannot convert argument 1 from 'int' to 'const seneca::InfiniteHealth &'
  			C:\oop 345 workshops\oop345\workshops\ws02\CharacterTpl.h(55,39):
  			Reason: cannot convert from 'int' to 'const seneca::InfiniteHealth'
  	C:\oop 345 workshops\oop345\workshops\ws02\CharacterTpl.h(55,24):
  	while trying to match the argument list '(int)'
  C:\oop 345 workshops\oop345\workshops\ws02\CharacterTpl.h(55,24):
  the template instantiation context (the oldest one first) is
  	C:\oop 345 workshops\oop345\workshops\ws02\tester_1.cpp(67,73):
  	see reference to class template instantiation 'seneca::Rogue<seneca::InfiniteHealth,seneca::Bersek,seneca::Bersek>' being compiled
  	C:\oop 345 workshops\oop345\workshops\ws02\rogue.h(17,26):
  	see reference to class template instantiation 'seneca::CharacterTpl<T>' being compiled
          with
          [
              T=seneca::InfiniteHealth
          ]
  	C:\oop 345 workshops\oop345\workshops\ws02\CharacterTpl.h(53,14):
  	while compiling class template member function 'void seneca::CharacterTpl<T>::setHealthMax(int)'
          with
          [
              T=seneca::InfiniteHealth
          ]
  
